
Showing logs for build [32mcb-kubecd-bdd-gh-1583657138-pr-mwgvv-1[0m stage [32mfrom-build-pack[0m and container [32mstep-credential-initializer-9whxw[0m
{"level":"warn","ts":1583658294.0701659,"logger":"fallback-logger","caller":"logging/config.go:69","msg":"Fetch GitHub commit ID from kodata failed: \"ref: refs/heads/0.8.0-**-support-backwards-incompats\" is not a valid GitHub commit ID"}
{"level":"info","ts":1583658294.0708363,"logger":"fallback-logger","caller":"creds-init/main.go:40","msg":"Credentials initialized."}

Showing logs for build [32mcb-kubecd-bdd-gh-1583657138-pr-mwgvv-1[0m stage [32mfrom-build-pack[0m and container [32mstep-working-dir-initializer-zjwqt[0m
{"level":"warn","ts":1583658294.9838657,"logger":"fallback-logger","caller":"logging/config.go:69","msg":"Fetch GitHub commit ID from kodata failed: open /var/run/ko/HEAD: no such file or directory"}
{"level":"info","ts":1583658294.9855201,"logger":"fallback-logger","caller":"bash/main.go:64","msg":"Successfully executed command \"sh -c mkdir -p /workspace/source\"; output "}

Showing logs for build [32mcb-kubecd-bdd-gh-1583657138-pr-mwgvv-1[0m stage [32mfrom-build-pack[0m and container [32mstep-place-tools[0m

Showing logs for build [32mcb-kubecd-bdd-gh-1583657138-pr-mwgvv-1[0m stage [32mfrom-build-pack[0m and container [32mstep-git-source-cb-kubecd-bdd-gh-1583657138-pr-mwgvv-75wgt[0m
{"level":"warn","ts":1583658302.3138032,"logger":"fallback-logger","caller":"logging/config.go:69","msg":"Fetch GitHub commit ID from kodata failed: \"ref: refs/heads/0.8.0-**-support-backwards-incompats\" is not a valid GitHub commit ID"}
{"level":"info","ts":1583658303.469061,"logger":"fallback-logger","caller":"git/git.go:103","msg":"Successfully cloned https://github.com/cb-kubecd/bdd-gh-1583657138.git @ master in path /workspace/source"}

Showing logs for build [32mcb-kubecd-bdd-gh-1583657138-pr-mwgvv-1[0m stage [32mfrom-build-pack[0m and container [32mstep-git-merge[0m
Using SHAs from PULL_REFS=master:879b2633ba6adf58be1335e52229e53b192b5c7d,1:a6fbc71228c91bcf88648265e2f96f4afd83a765
DEBUG: LC_ALL=C JX_LOG_LEVEL=error git fetch origin --unshallow a6fbc71228c91bcf88648265e2f96f4afd83a765: 879b2633ba6adf58be1335e52229e53b192b5c7d:
DEBUG: ran git fetch --unshallow origin a6fbc71228c91bcf88648265e2f96f4afd83a765: 879b2633ba6adf58be1335e52229e53b192b5c7d: in 
DEBUG: LC_ALL=C JX_LOG_LEVEL=error git branch
DEBUG: LC_ALL=C JX_LOG_LEVEL=error git checkout master
DEBUG: ran git checkout master in 
DEBUG: LC_ALL=C JX_LOG_LEVEL=error git reset --hard 879b2633ba6adf58be1335e52229e53b192b5c7d
DEBUG: ran git reset --hard 879b2633ba6adf58be1335e52229e53b192b5c7d in 
DEBUG: LC_ALL=C JX_LOG_LEVEL=error git clean -fd .
DEBUG: ran clean --force -d . in 
DEBUG: JX_LOG_LEVEL=error LC_ALL=C git merge a6fbc71228c91bcf88648265e2f96f4afd83a765
DEBUG: ran git merge a6fbc71228c91bcf88648265e2f96f4afd83a765 in 
DEBUG: LC_ALL=C JX_LOG_LEVEL=error git log --format=%H%x1f%an%x1f%ae%x1f%cn%x1f%ce%x1f%s%n%b%x1e 879b2633ba6adf58be1335e52229e53b192b5c7d..HEAD
Merged SHA a6fbc71228c91bcf88648265e2f96f4afd83a765 with commit message 'My first PR commit' into base branch master

Showing logs for build [32mcb-kubecd-bdd-gh-1583657138-pr-mwgvv-1[0m stage [32mfrom-build-pack[0m and container [32mstep-build-make-linux[0m
CGO_ENABLED=0 GOOS=linux GOARCH=amd64 GO15VENDOREXPERIMENT=1 go build -ldflags '' -o bin/bdd-gh-1583657138 main.go

Showing logs for build [32mcb-kubecd-bdd-gh-1583657138-pr-mwgvv-1[0m stage [32mfrom-build-pack[0m and container [32mstep-build-container-build[0m
[36mINFO[0m[0000] No base image, nothing to extract            
[36mINFO[0m[0000] cmd: EXPOSE                                  
[36mINFO[0m[0000] Adding exposed port: 8080/tcp                
[36mINFO[0m[0000] Using files from context: [/workspace/source/bin] 
[36mINFO[0m[0000] Skipping unpacking as no commands require it. 
[36mINFO[0m[0000] Taking snapshot of full filesystem...        
[36mINFO[0m[0000] EXPOSE 8080                                  
[36mINFO[0m[0000] cmd: EXPOSE                                  
[36mINFO[0m[0000] Adding exposed port: 8080/tcp                
[36mINFO[0m[0000] No files changed in this command, skipping snapshotting. 
[36mINFO[0m[0000] ENTRYPOINT ["/bdd-gh-1583657138"]            
[36mINFO[0m[0000] No files changed in this command, skipping snapshotting. 
[36mINFO[0m[0000] Using files from context: [/workspace/source/bin] 
[36mINFO[0m[0000] COPY ./bin/ /                                
[36mINFO[0m[0000] Taking snapshot of files...                  
2020/03/08 09:05:38 pushed blob: sha256:db0c842f6c017e14415bd6050dde22861cf570dcc42b484d7c6a12f3e0ff8c0d
2020/03/08 09:05:39 pushed blob: sha256:fcd2d5a3d5997aed0b10a831d91a47dbb93c03ab45d1a0338ff507b4ea4137b7
2020/03/08 09:05:40 gcr.io/jenkins-x-bdd3/bdd-gh-1583657138:0.0.0-SNAPSHOT-PR-1-1: digest: sha256:d7c456a9a89a2e9760d5d9ba7d7524b25f553bb565a1477083b5cff6c257edac size: 428

Showing logs for build [32mcb-kubecd-bdd-gh-1583657138-pr-mwgvv-1[0m stage [32mfrom-build-pack[0m and container [32mstep-postbuild-post-build[0m
no CVE provider running in the current ** namespace so skip adding image to be analysed

Showing logs for build [32mcb-kubecd-bdd-gh-1583657138-pr-mwgvv-1[0m stage [32mfrom-build-pack[0m and container [32mstep-promote-make-preview[0m
sed -i -e "s/version:.*/version: 0.0.0-SNAPSHOT-PR-1-1/" Chart.yaml
sed -i -e "s/version:.*/version: 0.0.0-SNAPSHOT-PR-1-1/" ../*/Chart.yaml
sed -i -e "s|repository:.*|repository: gcr.io\/jenkins-x-bdd3\/bdd-gh-1583657138|" values.yaml
sed -i -e "s/tag:.*/tag: 0.0.0-SNAPSHOT-PR-1-1/" values.yaml
echo "  version: 0.0.0-SNAPSHOT-PR-1-1" >> requirements.yaml
** step helm build
WARNING: No $CHART_REPOSITORY defined so using the default value of: http://jenkins-x-chartmuseum:8080
Adding missing Helm repo: storage.googleapis.com https://storage.googleapis.com/chartmuseum.jenkins-x.io
WARNING: No secrets found on "helm/repos" due: reading the secret "helm/repos" from vault: no secret "helm/repos" not found in vault
Read credentials for https://storage.googleapis.com/chartmuseum.jenkins-x.io from vault helm/repos
Successfully added Helm repository storage.googleapis.com.
Adding missing Helm repo: jenkins-x-chartmuseum http://jenkins-x-chartmuseum:8080
WARNING: No secrets found on "helm/repos" due: reading the secret "helm/repos" from vault: no secret "helm/repos" not found in vault
Read credentials for http://jenkins-x-chartmuseum:8080 from vault helm/repos
Successfully added Helm repository jenkins-x-chartmuseum.
WARNING: No $CHART_REPOSITORY defined so using the default value of: http://jenkins-x-chartmuseum:8080
Adding missing Helm repo: chartmuseum.jenkins-x.io http://chartmuseum.jenkins-x.io
WARNING: No secrets found on "helm/repos" due: reading the secret "helm/repos" from vault: no secret "helm/repos" not found in vault
Read credentials for http://chartmuseum.jenkins-x.io from vault helm/repos
Successfully added Helm repository chartmuseum.jenkins-x.io.

Showing logs for build [32mcb-kubecd-bdd-gh-1583657138-pr-mwgvv-1[0m stage [32mfrom-build-pack[0m and container [32mstep-promote-jx-preview[0m
Creating a preview
Created environment cb-kubecd-bdd-gh-1583657138-pr-1
Namespace **-cb-kubecd-bdd-gh-1583657138-pr-1 created 
expose:
  Annotations:
    helm.sh/hook: post-install,post-upgrade
    helm.sh/hook-delete-policy: hook-succeeded
  config:
    domain: 35.195.3.199.nip.io
    exposer: Ingress
    http: "true"
preview:
  image:
    repository: gcr.io/jenkins-x-bdd3/bdd-gh-1583657138
    tag: 0.0.0-SNAPSHOT-PR-1-1
Cloning the Jenkins X versions repo https://github.com/jenkins-x/jenkins-x-versions.git with ref refs/heads/master to /builder/home/.**/jenkins-x-versions

Updating PipelineActivities cb-kubecd-bdd-gh-1583657138-pr-1-1 which has status Running
Preview application is now available at: http://bdd-gh-1583657138.**-cb-kubecd-bdd-gh-1583657138-pr-1.35.195.3.199.nip.io
